2017-10-02 22:20:32 [192.168.230.1][6][nm9f4vm38ua69kpo4dhibf7rl8][error][ParseError] ParseError: syntax error, unexpected ']', expecting ',' or ')' in /mnt/hgfs/www/pzadminyii/vendor/dmstr/yii2-adminlte-asset/example-views/yiisoft/yii2-app/layouts/left.php:51
Stack trace:
#0 /mnt/hgfs/www/pzadminyii/vendor/yiisoft/yii2/base/View.php(248): yii\base\View->renderPhpFile('/mnt/hgfs/www/p...', Array)
#1 /mnt/hgfs/www/pzadminyii/vendor/yiisoft/yii2/base/View.php(150): yii\base\View->renderFile('/mnt/hgfs/www/p...', Array, NULL)
#2 /mnt/hgfs/www/pzadminyii/vendor/dmstr/yii2-adminlte-asset/example-views/yiisoft/yii2-app/layouts/main.php(50): yii\base\View->render('left.php', Array)
#3 /mnt/hgfs/www/pzadminyii/vendor/yiisoft/yii2/base/View.php(326): require('/mnt/hgfs/www/p...')
#4 /mnt/hgfs/www/pzadminyii/vendor/yiisoft/yii2/base/View.php(248): yii\base\View->renderPhpFile('/mnt/hgfs/www/p...', Array)
#5 /mnt/hgfs/www/pzadminyii/vendor/yiisoft/yii2/base/Controller.php(393): yii\base\View->renderFile('/mnt/hgfs/www/p...', Array, Object(backend\controllers\SiteController))
#6 /mnt/hgfs/www/pzadminyii/vendor/yiisoft/yii2/base/Controller.php(379): yii\base\Controller->renderContent('<div class="sit...')
#7 /mnt/hgfs/www/pzadminyii/backend/controllers/SiteController.php(63): yii\base\Controller->render('index')
#8 [internal function]: backend\controllers\SiteController->actionIndex()
#9 /mnt/hgfs/www/pzadminyii/vendor/yiisoft/yii2/base/InlineAction.php(55): call_user_func_array(Array, Array)
#10 /mnt/hgfs/www/pzadminyii/vendor/yiisoft/yii2/base/Controller.php(154): yii\base\InlineAction->runWithParams(Array)
#11 /mnt/hgfs/www/pzadminyii/vendor/yiisoft/yii2/base/Module.php(454): yii\base\Controller->runAction('', Array)
#12 /mnt/hgfs/www/pzadminyii/vendor/yiisoft/yii2/web/Application.php(100): yii\base\Module->runAction('', Array)
#13 /mnt/hgfs/www/pzadminyii/vendor/yiisoft/yii2/base/Application.php(375): yii\web\Application->handleRequest(Object(yii\web\Request))
#14 /mnt/hgfs/www/pzadminyii/backend/web/index.php(15): yii\base\Application->run()
#15 {main}
2017-10-02 22:20:32 [192.168.230.1][6][nm9f4vm38ua69kpo4dhibf7rl8][info][application] $_COOKIE = [
    '_csrf-backend' => '5fbf83858915be9a1055f5026478a203be193c260f0d461bebe1e131d9bba7cba:2:{i:0;s:13:\"_csrf-backend\";i:1;s:32:\"J2Lto77MThCAo3h2xVvHDZciYnSLInpk\";}'
    '_csrf' => 'd6f1e37d52bd01b0f44dfd8dd1e57beba8b0aee6168a4fada5335a6c1d6313eba:2:{i:0;s:5:\"_csrf\";i:1;s:32:\"ysi5GaD4LKZs8iWvRsx6qWuV8ljGwzSP\";}'
    'advanced-backend' => 'nm9f4vm38ua69kpo4dhibf7rl8'
    '_identity-backend' => 'ce106a8b6e254b1fa5bc1e46eccde3950ea64798c586f4399bec3745b19daa4ea:2:{i:0;s:17:\"_identity-backend\";i:1;s:15:\"[6,\"1\",2592000]\";}'
]

$_SESSION = [
    '__flash' => []
    '__id' => 6
]

$_SERVER = [
    'USER' => 'apache'
    'HOME' => '/var/www'
    'HTTP_COOKIE' => '_csrf-backend=5fbf83858915be9a1055f5026478a203be193c260f0d461bebe1e131d9bba7cba%3A2%3A%7Bi%3A0%3Bs%3A13%3A%22_csrf-backend%22%3Bi%3A1%3Bs%3A32%3A%22J2Lto77MThCAo3h2xVvHDZciYnSLInpk%22%3B%7D; _csrf=d6f1e37d52bd01b0f44dfd8dd1e57beba8b0aee6168a4fada5335a6c1d6313eba%3A2%3A%7Bi%3A0%3Bs%3A5%3A%22_csrf%22%3Bi%3A1%3Bs%3A32%3A%22ysi5GaD4LKZs8iWvRsx6qWuV8ljGwzSP%22%3B%7D; advanced-backend=nm9f4vm38ua69kpo4dhibf7rl8; _identity-backend=ce106a8b6e254b1fa5bc1e46eccde3950ea64798c586f4399bec3745b19daa4ea%3A2%3A%7Bi%3A0%3Bs%3A17%3A%22_identity-backend%22%3Bi%3A1%3Bs%3A15%3A%22%5B6%2C%221%22%2C2592000%5D%22%3B%7D'
    'HTTP_ACCEPT_LANGUAGE' => 'zh-CN,zh;q=0.8,en;q=0.6'
    'HTTP_ACCEPT_ENCODING' => 'gzip, deflate, sdch'
    'HTTP_REFERER' => 'http://backend.pzadmin.cc/site/login'
    'HTTP_USER_AGENT' => 'Mozilla/5.0 (Windows NT 10.0; WOW64) AppleWebKit/537.36 (KHTML, like Gecko) Chrome/50.0.2661.102 Safari/537.36'
    'HTTP_UPGRADE_INSECURE_REQUESTS' => '1'
    'HTTP_ACCEPT' => 'text/html,application/xhtml+xml,application/xml;q=0.9,image/webp,*/*;q=0.8'
    'HTTP_CACHE_CONTROL' => 'max-age=0'
    'HTTP_CONNECTION' => 'keep-alive'
    'HTTP_HOST' => 'backend.pzadmin.cc'
    'REDIRECT_STATUS' => '200'
    'SERVER_NAME' => 'backend.pzadmin.cc'
    'SERVER_PORT' => '80'
    'SERVER_ADDR' => '192.168.230.188'
    'REMOTE_PORT' => '61418'
    'REMOTE_ADDR' => '192.168.230.1'
    'SERVER_SOFTWARE' => 'nginx/1.10.2'
    'GATEWAY_INTERFACE' => 'CGI/1.1'
    'REQUEST_SCHEME' => 'http'
    'SERVER_PROTOCOL' => 'HTTP/1.1'
    'DOCUMENT_ROOT' => '/mnt/hgfs/www/pzadminyii/backend/web'
    'DOCUMENT_URI' => '/index.php'
    'REQUEST_URI' => '/'
    'SCRIPT_NAME' => '/index.php'
    'CONTENT_LENGTH' => ''
    'CONTENT_TYPE' => ''
    'REQUEST_METHOD' => 'GET'
    'QUERY_STRING' => ''
    'SCRIPT_FILENAME' => '/mnt/hgfs/www/pzadminyii/backend/web/index.php'
    'FCGI_ROLE' => 'RESPONDER'
    'PHP_SELF' => '/index.php'
    'REQUEST_TIME_FLOAT' => 1506954032.1785
    'REQUEST_TIME' => 1506954032
]
2017-10-02 22:20:47 [192.168.230.1][-][9u7fc1rm45ht3o3ht8bhj8ih00][error][Error] Error: Class 'common\models\LoginForm' not found in /mnt/hgfs/www/pzadminyii/backend/controllers/SiteController.php:77
Stack trace:
#0 [internal function]: backend\controllers\SiteController->actionLogin()
#1 /mnt/hgfs/www/pzadminyii/vendor/yiisoft/yii2/base/InlineAction.php(55): call_user_func_array(Array, Array)
#2 /mnt/hgfs/www/pzadminyii/vendor/yiisoft/yii2/base/Controller.php(154): yii\base\InlineAction->runWithParams(Array)
#3 /mnt/hgfs/www/pzadminyii/vendor/yiisoft/yii2/base/Module.php(454): yii\base\Controller->runAction('login', Array)
#4 /mnt/hgfs/www/pzadminyii/vendor/yiisoft/yii2/web/Application.php(100): yii\base\Module->runAction('site/login', Array)
#5 /mnt/hgfs/www/pzadminyii/vendor/yiisoft/yii2/base/Application.php(375): yii\web\Application->handleRequest(Object(yii\web\Request))
#6 /mnt/hgfs/www/pzadminyii/backend/web/index.php(15): yii\base\Application->run()
#7 {main}
2017-10-02 22:20:46 [192.168.230.1][-][9u7fc1rm45ht3o3ht8bhj8ih00][info][application] $_GET = [
    's' => '/site/login'
]

$_COOKIE = [
    '_csrf-backend' => '5fbf83858915be9a1055f5026478a203be193c260f0d461bebe1e131d9bba7cba:2:{i:0;s:13:\"_csrf-backend\";i:1;s:32:\"J2Lto77MThCAo3h2xVvHDZciYnSLInpk\";}'
    '_csrf' => 'd6f1e37d52bd01b0f44dfd8dd1e57beba8b0aee6168a4fada5335a6c1d6313eba:2:{i:0;s:5:\"_csrf\";i:1;s:32:\"ysi5GaD4LKZs8iWvRsx6qWuV8ljGwzSP\";}'
    'advanced-backend' => '9u7fc1rm45ht3o3ht8bhj8ih00'
]

$_SESSION = [
    '__flash' => []
]

$_SERVER = [
    'USER' => 'apache'
    'HOME' => '/var/www'
    'HTTP_COOKIE' => '_csrf-backend=5fbf83858915be9a1055f5026478a203be193c260f0d461bebe1e131d9bba7cba%3A2%3A%7Bi%3A0%3Bs%3A13%3A%22_csrf-backend%22%3Bi%3A1%3Bs%3A32%3A%22J2Lto77MThCAo3h2xVvHDZciYnSLInpk%22%3B%7D; _csrf=d6f1e37d52bd01b0f44dfd8dd1e57beba8b0aee6168a4fada5335a6c1d6313eba%3A2%3A%7Bi%3A0%3Bs%3A5%3A%22_csrf%22%3Bi%3A1%3Bs%3A32%3A%22ysi5GaD4LKZs8iWvRsx6qWuV8ljGwzSP%22%3B%7D; advanced-backend=9u7fc1rm45ht3o3ht8bhj8ih00'
    'HTTP_ACCEPT_LANGUAGE' => 'zh-CN,zh;q=0.8,en;q=0.6'
    'HTTP_ACCEPT_ENCODING' => 'gzip, deflate, sdch'
    'HTTP_REFERER' => 'http://backend.pzadmin.cc/'
    'HTTP_USER_AGENT' => 'Mozilla/5.0 (Windows NT 10.0; WOW64) AppleWebKit/537.36 (KHTML, like Gecko) Chrome/50.0.2661.102 Safari/537.36'
    'HTTP_UPGRADE_INSECURE_REQUESTS' => '1'
    'HTTP_ACCEPT' => 'text/html,application/xhtml+xml,application/xml;q=0.9,image/webp,*/*;q=0.8'
    'HTTP_CACHE_CONTROL' => 'max-age=0'
    'HTTP_CONNECTION' => 'keep-alive'
    'HTTP_HOST' => 'backend.pzadmin.cc'
    'REDIRECT_STATUS' => '200'
    'SERVER_NAME' => 'backend.pzadmin.cc'
    'SERVER_PORT' => '80'
    'SERVER_ADDR' => '192.168.230.188'
    'REMOTE_PORT' => '61431'
    'REMOTE_ADDR' => '192.168.230.1'
    'SERVER_SOFTWARE' => 'nginx/1.10.2'
    'GATEWAY_INTERFACE' => 'CGI/1.1'
    'REQUEST_SCHEME' => 'http'
    'SERVER_PROTOCOL' => 'HTTP/1.1'
    'DOCUMENT_ROOT' => '/mnt/hgfs/www/pzadminyii/backend/web'
    'DOCUMENT_URI' => '/index.php'
    'REQUEST_URI' => '/site/login'
    'SCRIPT_NAME' => '/index.php'
    'CONTENT_LENGTH' => ''
    'CONTENT_TYPE' => ''
    'REQUEST_METHOD' => 'GET'
    'QUERY_STRING' => 's=/site/login'
    'SCRIPT_FILENAME' => '/mnt/hgfs/www/pzadminyii/backend/web/index.php'
    'FCGI_ROLE' => 'RESPONDER'
    'PHP_SELF' => '/index.php'
    'REQUEST_TIME_FLOAT' => 1506954046.9841
    'REQUEST_TIME' => 1506954046
]
